{
  "RSpec": {
    "coverage": {
      "/home/kipsu/Coding/ratebeer/app/models/rating.rb": [
        1,
        1,
        1,
        null,
        1,
        null,
        null,
        null,
        1,
        0,
        null,
        null
      ],
      "/home/kipsu/Coding/ratebeer/app/helpers/application_helper.rb": [
        1,
        null
      ],
      "/home/kipsu/Coding/ratebeer/app/helpers/beer_clubs_helper.rb": [
        1,
        null
      ],
      "/home/kipsu/Coding/ratebeer/app/helpers/beers_helper.rb": [
        1,
        null
      ],
      "/home/kipsu/Coding/ratebeer/app/helpers/breweries_helper.rb": [
        1,
        null
      ],
      "/home/kipsu/Coding/ratebeer/app/helpers/memberships_helper.rb": [
        1,
        null
      ],
      "/home/kipsu/Coding/ratebeer/app/helpers/users_helper.rb": [
        1,
        null
      ],
      "/home/kipsu/Coding/ratebeer/app/models/place.rb": [
        1,
        1,
        null,
        1,
        null,
        null,
        1,
        6,
        null,
        null
      ],
      "/home/kipsu/Coding/ratebeer/lib/beermapping_api.rb": [
        1,
        null,
        1,
        0,
        0,
        0,
        null,
        0,
        0,
        null,
        0,
        0,
        null,
        null,
        null,
        null
      ],
      "/home/kipsu/Coding/ratebeer/app/controllers/places_controller.rb": [
        1,
        1,
        null,
        null,
        1,
        3,
        3,
        1,
        null,
        2,
        null,
        null,
        null,
        null
      ],
      "/home/kipsu/Coding/ratebeer/app/controllers/application_controller.rb": [
        1,
        null,
        null,
        1,
        null,
        1,
        null,
        1,
        null,
        null,
        6,
        0,
        null,
        null,
        1,
        0,
        null,
        null
      ]
    },
    "timestamp": 1423496181
  }
}
